<?xml version="1.0" encoding="UTF-8"?>
<!-- Generated by org.testng.reporters.JUnitXMLReporter -->
<testsuite ignored="0" hostname="DESKTOP-377NK29" failures="0" tests="3" name="LoginTest" time="18.055" errors="0" timestamp="2019-10-04T15:08:29 EAT">
  <testcase classname="autopractice.tests.BaseTest" name="@BeforeTest launchBrowser" time="17.994">
    <failure type="org.openqa.selenium.NoSuchWindowException" message="no such window: target window already closed
from unknown error: web view not found
  (Session info: chrome=77.0.3865.90)
Build info: version: &amp;apos;3.141.59&amp;apos;, revision: &amp;apos;e82be7d358&amp;apos;, time: &amp;apos;2018-11-14T08:17:03&amp;apos;
System info: host: &amp;apos;DESKTOP-377NK29&amp;apos;, ip: &amp;apos;192.168.5.113&amp;apos;, os.name: &amp;apos;Windows 10&amp;apos;, os.arch: &amp;apos;amd64&amp;apos;, os.version: &amp;apos;10.0&amp;apos;, java.version: &amp;apos;12.0.2&amp;apos;
Driver info: org.openqa.selenium.chrome.ChromeDriver
Capabilities {acceptInsecureCerts: false, browserName: chrome, browserVersion: 77.0.3865.90, chrome: {chromedriverVersion: 77.0.3865.40 (f484704e052e0..., userDataDir: C:\Users\ONCHAR~1\AppData\L...}, goog:chromeOptions: {debuggerAddress: localhost:61787}, javascriptEnabled: true, networkConnectionEnabled: false, pageLoadStrategy: normal, platform: XP, platformName: XP, proxy: Proxy(), setWindowRect: true, strictFileInteractability: false, timeouts: {implicit: 0, pageLoad: 300000, script: 30000}, unhandledPromptBehavior: dismiss and notify}
Session ID: 3f499b675f6a80307e29aff842adfa03">
      <![CDATA[org.openqa.selenium.NoSuchWindowException: no such window: target window already closed
from unknown error: web view not found
  (Session info: chrome=77.0.3865.90)
Build info: version: '3.141.59', revision: 'e82be7d358', time: '2018-11-14T08:17:03'
System info: host: 'DESKTOP-377NK29', ip: '192.168.5.113', os.name: 'Windows 10', os.arch: 'amd64', os.version: '10.0', java.version: '12.0.2'
Driver info: org.openqa.selenium.chrome.ChromeDriver
Capabilities {acceptInsecureCerts: false, browserName: chrome, browserVersion: 77.0.3865.90, chrome: {chromedriverVersion: 77.0.3865.40 (f484704e052e0..., userDataDir: C:\Users\ONCHAR~1\AppData\L...}, goog:chromeOptions: {debuggerAddress: localhost:61787}, javascriptEnabled: true, networkConnectionEnabled: false, pageLoadStrategy: normal, platform: XP, platformName: XP, proxy: Proxy(), setWindowRect: true, strictFileInteractability: false, timeouts: {implicit: 0, pageLoad: 300000, script: 30000}, unhandledPromptBehavior: dismiss and notify}
Session ID: 3f499b675f6a80307e29aff842adfa03
at org.openqa.selenium.remote.http.W3CHttpResponseCodec.createException(W3CHttpResponseCodec.java:187)
at org.openqa.selenium.remote.http.W3CHttpResponseCodec.decode(W3CHttpResponseCodec.java:122)
at org.openqa.selenium.remote.http.W3CHttpResponseCodec.decode(W3CHttpResponseCodec.java:49)
at org.openqa.selenium.remote.HttpCommandExecutor.execute(HttpCommandExecutor.java:158)
at org.openqa.selenium.remote.service.DriverCommandExecutor.execute(DriverCommandExecutor.java:83)
at org.openqa.selenium.remote.RemoteWebDriver.execute(RemoteWebDriver.java:552)
at org.openqa.selenium.remote.RemoteWebDriver.execute(RemoteWebDriver.java:609)
at org.openqa.selenium.remote.RemoteWebDriver$RemoteWebDriverOptions$RemoteWindow.maximize(RemoteWebDriver.java:837)
at autopractice.tests.BaseTest.launchBrowser(BaseTest.java:49)
... Removed 29 stack frames]]>
    </failure>
  </testcase> <!-- @BeforeTest launchBrowser -->
  <testcase classname="autopractice.tests.BaseTest" name="@BeforeClass terminateBrowser" time="-1.570190909848E9">
    <skipped/>
  </testcase> <!-- @BeforeClass terminateBrowser -->
  <testcase classname="autopractice.tests.BaseTest" name="@BeforeMethod beforeMethod" time="-1.570190909861E9">
    <skipped/>
  </testcase> <!-- @BeforeMethod beforeMethod -->
  <testcase classname="autopractice.tests.BaseTest" name="@AfterMethod afterMethod" time="-1.570190909871E9">
    <skipped/>
  </testcase> <!-- @AfterMethod afterMethod -->
  <testcase classname="autopractice.tests.BaseTest" name="@BeforeMethod beforeMethod" time="-1.570190909874E9">
    <skipped/>
  </testcase> <!-- @BeforeMethod beforeMethod -->
  <testcase classname="autopractice.tests.BaseTest" name="@AfterMethod afterMethod" time="-1.57019090988E9">
    <skipped/>
  </testcase> <!-- @AfterMethod afterMethod -->
  <testcase classname="autopractice.tests.BaseTest" name="@BeforeMethod beforeMethod" time="-1.570190909881E9">
    <skipped/>
  </testcase> <!-- @BeforeMethod beforeMethod -->
  <testcase classname="autopractice.tests.BaseTest" name="@AfterMethod afterMethod" time="-1.570190909885E9">
    <skipped/>
  </testcase> <!-- @AfterMethod afterMethod -->
  <testcase classname="autopractice.tests.BaseTest" name="@AfterClass afterClass" time="-1.570190909886E9">
    <skipped/>
  </testcase> <!-- @AfterClass afterClass -->
  <testcase classname="autopractice.tests.BaseTest" name="@AfterTest afterTest" time="-1.570190909887E9">
    <skipped/>
  </testcase> <!-- @AfterTest afterTest -->
  <testcase classname="autopractice.tests.userAuthentication.SignuppageTest" name="openAuthenticationPage" time="0.0">
    <skipped/>
  </testcase> <!-- openAuthenticationPage -->
  <testcase classname="autopractice.tests.userAuthentication.SignuppageTest" name="signupWithValidRegisteredEmailAddress" time="0.0">
    <skipped/>
  </testcase> <!-- signupWithValidRegisteredEmailAddress -->
  <testcase classname="autopractice.tests.userAuthentication.SignuppageTest" name="signupForm" time="0.0">
    <skipped/>
  </testcase> <!-- signupForm -->
</testsuite> <!-- LoginTest -->
